#-----------------------------------------------------------
# Vivado v2020.1 (64-bit)
# SW Build 2902540 on Wed May 27 19:54:49 MDT 2020
# IP Build 2902112 on Wed May 27 22:43:36 MDT 2020
# Start of session at: Wed Dec 23 12:34:38 2020
# Process ID: 12724
# Current directory: C:/Users/gsahi/Documents/GitHub/ee241fall2020/timercount
# Command line: vivado.exe -gui_launcher_event rodinguilauncherevent12940 C:\Users\gsahi\Documents\GitHub\ee241fall2020\timercount\timercount.xpr
# Log file: C:/Users/gsahi/Documents/GitHub/ee241fall2020/timercount/vivado.log
# Journal file: C:/Users/gsahi/Documents/GitHub/ee241fall2020/timercount\vivado.jou
#-----------------------------------------------------------
start_gui
open_project C:/Users/gsahi/Documents/GitHub/ee241fall2020/timercount/timercount.xpr
INFO: [Project 1-313] Project file moved from 'C:/Users/gsahi/Documents/GitHub/ee242fall2020/timercount' since last save.
Scanning sources...
Finished scanning sources
INFO: [IP_Flow 19-234] Refreshing IP repositories
INFO: [IP_Flow 19-1704] No user IP repositories specified
INFO: [IP_Flow 19-2313] Loaded Vivado IP repository 'C:/Xilinx/Vivado/2020.1/data/ip'.
open_project: Time (s): cpu = 00:00:19 ; elapsed = 00:00:07 . Memory (MB): peak = 1024.777 ; gain = 0.000
update_compile_order -fileset sources_1
close [ open C:/Users/gsahi/Documents/GitHub/ee241fall2020/timercount/timercount.srcs/sources_1/new/flash2.v w ]
add_files C:/Users/gsahi/Documents/GitHub/ee241fall2020/timercount/timercount.srcs/sources_1/new/flash2.v
update_compile_order -fileset sources_1
set_property top flash2 [current_fileset]
update_compile_order -fileset sources_1
update_compile_order -fileset sources_1
exit
INFO: [Common 17-206] Exiting Vivado at Thu Dec 24 22:25:01 2020...
